CRITICAL - 2023-10-11 18:02:50 --> Unable to parse URI: "/localhost:5000/api/data-chart?area=2"
in SYSTEMPATH\HTTP\URI.php on line 307.
 1 SYSTEMPATH\HTTP\URI.php(307): CodeIgniter\HTTP\Exceptions\HTTPException::forUnableToParseURI('/localhost:5000/api/data-chart?area=2')
 2 SYSTEMPATH\HTTP\URI.php(1089): CodeIgniter\HTTP\URI->setURI('/localhost:5000/api/data-chart?area=2')
 3 SYSTEMPATH\HTTP\CURLRequest.php(328): CodeIgniter\HTTP\URI->resolveRelativeURI('/localhost:5000/api/data-chart?area=2')
 4 SYSTEMPATH\HTTP\CURLRequest.php(139): CodeIgniter\HTTP\CURLRequest->prepareURL('/localhost:5000/api/data-chart?area=2')
 5 APPPATH\Controllers\Home.php(18): CodeIgniter\HTTP\CURLRequest->request('get', '/localhost:5000/api/data-chart?area=2', [...])
 6 SYSTEMPATH\CodeIgniter.php(919): App\Controllers\Home->getChart()
 7 SYSTEMPATH\CodeIgniter.php(494): CodeIgniter\CodeIgniter->runController(Object(App\Controllers\Home))
 8 SYSTEMPATH\CodeIgniter.php(353): CodeIgniter\CodeIgniter->handleRequest(null, Object(Config\Cache), false)
 9 FCPATH\index.php(79): CodeIgniter\CodeIgniter->run()
10 SYSTEMPATH\Commands\Server\rewrite.php(47): require_once('D:\\GEMAR KODE\\Project\\PT Pitjarus\\fontend\\public\\index.php')
CRITICAL - 2023-10-11 18:03:13 --> Undefined array key ""
in SYSTEMPATH\HTTP\URI.php on line 369.
 1 SYSTEMPATH\HTTP\URI.php(369): CodeIgniter\Debug\Exceptions->errorHandler(2, 'Undefined array key ""', 'D:\\GEMAR KODE\\Project\\PT Pitjarus\\fontend\\system\\HTTP\\URI.php', 369)
 2 SYSTEMPATH\HTTP\URI.php(1098): CodeIgniter\HTTP\URI->getAuthority()
 3 SYSTEMPATH\HTTP\CURLRequest.php(328): CodeIgniter\HTTP\URI->resolveRelativeURI('localhost:5000/api/data-chart?area=2')
 4 SYSTEMPATH\HTTP\CURLRequest.php(139): CodeIgniter\HTTP\CURLRequest->prepareURL('localhost:5000/api/data-chart?area=2')
 5 APPPATH\Controllers\Home.php(18): CodeIgniter\HTTP\CURLRequest->request('get', 'localhost:5000/api/data-chart?area=2', [...])
 6 SYSTEMPATH\CodeIgniter.php(919): App\Controllers\Home->getChart()
 7 SYSTEMPATH\CodeIgniter.php(494): CodeIgniter\CodeIgniter->runController(Object(App\Controllers\Home))
 8 SYSTEMPATH\CodeIgniter.php(353): CodeIgniter\CodeIgniter->handleRequest(null, Object(Config\Cache), false)
 9 FCPATH\index.php(79): CodeIgniter\CodeIgniter->run()
10 SYSTEMPATH\Commands\Server\rewrite.php(47): require_once('D:\\GEMAR KODE\\Project\\PT Pitjarus\\fontend\\public\\index.php')
CRITICAL - 2023-10-11 18:04:57 --> 22 : The requested URL returned error: 404
in SYSTEMPATH\HTTP\CURLRequest.php on line 691.
 1 SYSTEMPATH\HTTP\CURLRequest.php(691): CodeIgniter\HTTP\Exceptions\HTTPException::forCurlError('22', 'The requested URL returned error: 404')
 2 SYSTEMPATH\HTTP\CURLRequest.php(385): CodeIgniter\HTTP\CURLRequest->sendRequest([...])
 3 SYSTEMPATH\HTTP\CURLRequest.php(143): CodeIgniter\HTTP\CURLRequest->send('get', 'http://localhost:5000/api/data-chart?area=2')
 4 APPPATH\Controllers\Home.php(18): CodeIgniter\HTTP\CURLRequest->request('get', 'http://localhost:5000/api/data-chart?area=2', [...])
 5 SYSTEMPATH\CodeIgniter.php(919): App\Controllers\Home->getChart()
 6 SYSTEMPATH\CodeIgniter.php(494): CodeIgniter\CodeIgniter->runController(Object(App\Controllers\Home))
 7 SYSTEMPATH\CodeIgniter.php(353): CodeIgniter\CodeIgniter->handleRequest(null, Object(Config\Cache), false)
 8 FCPATH\index.php(79): CodeIgniter\CodeIgniter->run()
 9 SYSTEMPATH\Commands\Server\rewrite.php(47): require_once('D:\\GEMAR KODE\\Project\\PT Pitjarus\\fontend\\public\\index.php')
CRITICAL - 2023-10-11 18:06:46 --> 22 : The requested URL returned error: 404
in SYSTEMPATH\HTTP\CURLRequest.php on line 691.
 1 SYSTEMPATH\HTTP\CURLRequest.php(691): CodeIgniter\HTTP\Exceptions\HTTPException::forCurlError('22', 'The requested URL returned error: 404')
 2 SYSTEMPATH\HTTP\CURLRequest.php(385): CodeIgniter\HTTP\CURLRequest->sendRequest([...])
 3 SYSTEMPATH\HTTP\CURLRequest.php(143): CodeIgniter\HTTP\CURLRequest->send('get', 'http://localhost:5000/api/data-chart?area=2')
 4 APPPATH\Controllers\Home.php(17): CodeIgniter\HTTP\CURLRequest->request('get', 'http://localhost:5000/api/data-chart?area=2', [...])
 5 SYSTEMPATH\CodeIgniter.php(919): App\Controllers\Home->getChart()
 6 SYSTEMPATH\CodeIgniter.php(494): CodeIgniter\CodeIgniter->runController(Object(App\Controllers\Home))
 7 SYSTEMPATH\CodeIgniter.php(353): CodeIgniter\CodeIgniter->handleRequest(null, Object(Config\Cache), false)
 8 FCPATH\index.php(79): CodeIgniter\CodeIgniter->run()
 9 SYSTEMPATH\Commands\Server\rewrite.php(47): require_once('D:\\GEMAR KODE\\Project\\PT Pitjarus\\fontend\\public\\index.php')
CRITICAL - 2023-10-11 18:12:07 --> Too few arguments to function CodeIgniter\HTTP\CURLRequest::__construct(), 0 passed in D:\GEMAR KODE\Project\PT Pitjarus\fontend\app\Controllers\Home.php on line 28 and at least 2 expected
in SYSTEMPATH\HTTP\CURLRequest.php on line 107.
 1 APPPATH\Controllers\Home.php(28): CodeIgniter\HTTP\CURLRequest->__construct()
 2 SYSTEMPATH\CodeIgniter.php(919): App\Controllers\Home->getChart()
 3 SYSTEMPATH\CodeIgniter.php(494): CodeIgniter\CodeIgniter->runController(Object(App\Controllers\Home))
 4 SYSTEMPATH\CodeIgniter.php(353): CodeIgniter\CodeIgniter->handleRequest(null, Object(Config\Cache), false)
 5 FCPATH\index.php(79): CodeIgniter\CodeIgniter->run()
 6 SYSTEMPATH\Commands\Server\rewrite.php(47): require_once('D:\\GEMAR KODE\\Project\\PT Pitjarus\\fontend\\public\\index.php')
CRITICAL - 2023-10-11 18:13:19 --> 22 : The requested URL returned error: 404
in SYSTEMPATH\HTTP\CURLRequest.php on line 691.
 1 SYSTEMPATH\HTTP\CURLRequest.php(691): CodeIgniter\HTTP\Exceptions\HTTPException::forCurlError('22', 'The requested URL returned error: 404')
 2 SYSTEMPATH\HTTP\CURLRequest.php(385): CodeIgniter\HTTP\CURLRequest->sendRequest([...])
 3 SYSTEMPATH\HTTP\CURLRequest.php(143): CodeIgniter\HTTP\CURLRequest->send('get', 'http://localhost:5000/api/data-chart?area=2')
 4 APPPATH\Controllers\Home.php(20): CodeIgniter\HTTP\CURLRequest->request('get', 'http://localhost:5000/api/data-chart?area=2', [...])
 5 SYSTEMPATH\CodeIgniter.php(919): App\Controllers\Home->getChart()
 6 SYSTEMPATH\CodeIgniter.php(494): CodeIgniter\CodeIgniter->runController(Object(App\Controllers\Home))
 7 SYSTEMPATH\CodeIgniter.php(353): CodeIgniter\CodeIgniter->handleRequest(null, Object(Config\Cache), false)
 8 FCPATH\index.php(79): CodeIgniter\CodeIgniter->run()
 9 SYSTEMPATH\Commands\Server\rewrite.php(47): require_once('D:\\GEMAR KODE\\Project\\PT Pitjarus\\fontend\\public\\index.php')
CRITICAL - 2023-10-11 18:13:59 --> 22 : The requested URL returned error: 404
in SYSTEMPATH\HTTP\CURLRequest.php on line 691.
 1 SYSTEMPATH\HTTP\CURLRequest.php(691): CodeIgniter\HTTP\Exceptions\HTTPException::forCurlError('22', 'The requested URL returned error: 404')
 2 SYSTEMPATH\HTTP\CURLRequest.php(385): CodeIgniter\HTTP\CURLRequest->sendRequest([...])
 3 SYSTEMPATH\HTTP\CURLRequest.php(143): CodeIgniter\HTTP\CURLRequest->send('get', 'http://localhost:5000/api/data-chart?area=2')
 4 APPPATH\Controllers\Home.php(22): CodeIgniter\HTTP\CURLRequest->request('get', 'http://localhost:5000/api/data-chart?area=2', [...])
 5 SYSTEMPATH\CodeIgniter.php(919): App\Controllers\Home->getChart()
 6 SYSTEMPATH\CodeIgniter.php(494): CodeIgniter\CodeIgniter->runController(Object(App\Controllers\Home))
 7 SYSTEMPATH\CodeIgniter.php(353): CodeIgniter\CodeIgniter->handleRequest(null, Object(Config\Cache), false)
 8 FCPATH\index.php(79): CodeIgniter\CodeIgniter->run()
 9 SYSTEMPATH\Commands\Server\rewrite.php(47): require_once('D:\\GEMAR KODE\\Project\\PT Pitjarus\\fontend\\public\\index.php')
CRITICAL - 2023-10-11 18:14:05 --> 22 : The requested URL returned error: 404
in SYSTEMPATH\HTTP\CURLRequest.php on line 691.
 1 SYSTEMPATH\HTTP\CURLRequest.php(691): CodeIgniter\HTTP\Exceptions\HTTPException::forCurlError('22', 'The requested URL returned error: 404')
 2 SYSTEMPATH\HTTP\CURLRequest.php(385): CodeIgniter\HTTP\CURLRequest->sendRequest([...])
 3 SYSTEMPATH\HTTP\CURLRequest.php(143): CodeIgniter\HTTP\CURLRequest->send('get', 'http://localhost:5000/api/data-chart?area=2')
 4 APPPATH\Controllers\Home.php(23): CodeIgniter\HTTP\CURLRequest->request('get', 'http://localhost:5000/api/data-chart?area=2', [...])
 5 SYSTEMPATH\CodeIgniter.php(919): App\Controllers\Home->getChart()
 6 SYSTEMPATH\CodeIgniter.php(494): CodeIgniter\CodeIgniter->runController(Object(App\Controllers\Home))
 7 SYSTEMPATH\CodeIgniter.php(353): CodeIgniter\CodeIgniter->handleRequest(null, Object(Config\Cache), false)
 8 FCPATH\index.php(79): CodeIgniter\CodeIgniter->run()
 9 SYSTEMPATH\Commands\Server\rewrite.php(47): require_once('D:\\GEMAR KODE\\Project\\PT Pitjarus\\fontend\\public\\index.php')
CRITICAL - 2023-10-11 18:16:56 --> 22 : The requested URL returned error: 404
in SYSTEMPATH\HTTP\CURLRequest.php on line 691.
 1 SYSTEMPATH\HTTP\CURLRequest.php(691): CodeIgniter\HTTP\Exceptions\HTTPException::forCurlError('22', 'The requested URL returned error: 404')
 2 SYSTEMPATH\HTTP\CURLRequest.php(385): CodeIgniter\HTTP\CURLRequest->sendRequest([...])
 3 SYSTEMPATH\HTTP\CURLRequest.php(143): CodeIgniter\HTTP\CURLRequest->send('get', 'http://localhost:5000/api/data-chart?area=2')
 4 APPPATH\Controllers\Home.php(23): CodeIgniter\HTTP\CURLRequest->request('get', 'http://localhost:5000/api/data-chart?area=2', [...])
 5 SYSTEMPATH\CodeIgniter.php(919): App\Controllers\Home->getChart()
 6 SYSTEMPATH\CodeIgniter.php(494): CodeIgniter\CodeIgniter->runController(Object(App\Controllers\Home))
 7 SYSTEMPATH\CodeIgniter.php(353): CodeIgniter\CodeIgniter->handleRequest(null, Object(Config\Cache), false)
 8 FCPATH\index.php(79): CodeIgniter\CodeIgniter->run()
 9 SYSTEMPATH\Commands\Server\rewrite.php(47): require_once('D:\\GEMAR KODE\\Project\\PT Pitjarus\\fontend\\public\\index.php')
CRITICAL - 2023-10-11 19:00:25 --> 22 : The requested URL returned error: 500
in SYSTEMPATH\HTTP\CURLRequest.php on line 691.
 1 SYSTEMPATH\HTTP\CURLRequest.php(691): CodeIgniter\HTTP\Exceptions\HTTPException::forCurlError('22', 'The requested URL returned error: 500')
 2 SYSTEMPATH\HTTP\CURLRequest.php(385): CodeIgniter\HTTP\CURLRequest->sendRequest([...])
 3 SYSTEMPATH\HTTP\CURLRequest.php(143): CodeIgniter\HTTP\CURLRequest->send('get', 'http://localhost:5000/api/data-chart?area=,1&from=&to=')
 4 APPPATH\Controllers\Home.php(39): CodeIgniter\HTTP\CURLRequest->request('get', 'http://localhost:5000/api/data-chart?area=,1&from=&to=', [...])
 5 SYSTEMPATH\CodeIgniter.php(919): App\Controllers\Home->getChart()
 6 SYSTEMPATH\CodeIgniter.php(494): CodeIgniter\CodeIgniter->runController(Object(App\Controllers\Home))
 7 SYSTEMPATH\CodeIgniter.php(353): CodeIgniter\CodeIgniter->handleRequest(null, Object(Config\Cache), false)
 8 FCPATH\index.php(79): CodeIgniter\CodeIgniter->run()
 9 SYSTEMPATH\Commands\Server\rewrite.php(47): require_once('D:\\GEMAR KODE\\Project\\PT Pitjarus\\fontend\\public\\index.php')
CRITICAL - 2023-10-11 19:02:03 --> 22 : The requested URL returned error: 500
in SYSTEMPATH\HTTP\CURLRequest.php on line 691.
 1 SYSTEMPATH\HTTP\CURLRequest.php(691): CodeIgniter\HTTP\Exceptions\HTTPException::forCurlError('22', 'The requested URL returned error: 500')
 2 SYSTEMPATH\HTTP\CURLRequest.php(385): CodeIgniter\HTTP\CURLRequest->sendRequest([...])
 3 SYSTEMPATH\HTTP\CURLRequest.php(143): CodeIgniter\HTTP\CURLRequest->send('get', 'http://localhost:5000/api/data-chart?area=2,3&from=&to=')
 4 APPPATH\Controllers\Home.php(39): CodeIgniter\HTTP\CURLRequest->request('get', 'http://localhost:5000/api/data-chart?area=2,3&from=&to=', [...])
 5 SYSTEMPATH\CodeIgniter.php(919): App\Controllers\Home->getChart()
 6 SYSTEMPATH\CodeIgniter.php(494): CodeIgniter\CodeIgniter->runController(Object(App\Controllers\Home))
 7 SYSTEMPATH\CodeIgniter.php(353): CodeIgniter\CodeIgniter->handleRequest(null, Object(Config\Cache), false)
 8 FCPATH\index.php(79): CodeIgniter\CodeIgniter->run()
 9 SYSTEMPATH\Commands\Server\rewrite.php(47): require_once('D:\\GEMAR KODE\\Project\\PT Pitjarus\\fontend\\public\\index.php')
CRITICAL - 2023-10-11 19:05:54 --> 22 : The requested URL returned error: 500
in SYSTEMPATH\HTTP\CURLRequest.php on line 691.
 1 SYSTEMPATH\HTTP\CURLRequest.php(691): CodeIgniter\HTTP\Exceptions\HTTPException::forCurlError('22', 'The requested URL returned error: 500')
 2 SYSTEMPATH\HTTP\CURLRequest.php(385): CodeIgniter\HTTP\CURLRequest->sendRequest([...])
 3 SYSTEMPATH\HTTP\CURLRequest.php(143): CodeIgniter\HTTP\CURLRequest->send('get', 'http://localhost:5000/api/data-chart?area=1,4&from=&to=')
 4 APPPATH\Controllers\Home.php(39): CodeIgniter\HTTP\CURLRequest->request('get', 'http://localhost:5000/api/data-chart?area=1,4&from=&to=', [...])
 5 SYSTEMPATH\CodeIgniter.php(919): App\Controllers\Home->getChart()
 6 SYSTEMPATH\CodeIgniter.php(494): CodeIgniter\CodeIgniter->runController(Object(App\Controllers\Home))
 7 SYSTEMPATH\CodeIgniter.php(353): CodeIgniter\CodeIgniter->handleRequest(null, Object(Config\Cache), false)
 8 FCPATH\index.php(79): CodeIgniter\CodeIgniter->run()
 9 SYSTEMPATH\Commands\Server\rewrite.php(47): require_once('D:\\GEMAR KODE\\Project\\PT Pitjarus\\fontend\\public\\index.php')
CRITICAL - 2023-10-11 19:06:56 --> 22 : The requested URL returned error: 500
in SYSTEMPATH\HTTP\CURLRequest.php on line 691.
 1 SYSTEMPATH\HTTP\CURLRequest.php(691): CodeIgniter\HTTP\Exceptions\HTTPException::forCurlError('22', 'The requested URL returned error: 500')
 2 SYSTEMPATH\HTTP\CURLRequest.php(385): CodeIgniter\HTTP\CURLRequest->sendRequest([...])
 3 SYSTEMPATH\HTTP\CURLRequest.php(143): CodeIgniter\HTTP\CURLRequest->send('get', 'http://localhost:5000/api/data-chart?area=1,4&from=&to=')
 4 APPPATH\Controllers\Home.php(39): CodeIgniter\HTTP\CURLRequest->request('get', 'http://localhost:5000/api/data-chart?area=1,4&from=&to=', [...])
 5 SYSTEMPATH\CodeIgniter.php(919): App\Controllers\Home->getChart()
 6 SYSTEMPATH\CodeIgniter.php(494): CodeIgniter\CodeIgniter->runController(Object(App\Controllers\Home))
 7 SYSTEMPATH\CodeIgniter.php(353): CodeIgniter\CodeIgniter->handleRequest(null, Object(Config\Cache), false)
 8 FCPATH\index.php(79): CodeIgniter\CodeIgniter->run()
 9 SYSTEMPATH\Commands\Server\rewrite.php(47): require_once('D:\\GEMAR KODE\\Project\\PT Pitjarus\\fontend\\public\\index.php')
CRITICAL - 2023-10-11 19:10:11 --> 22 : The requested URL returned error: 500
in SYSTEMPATH\HTTP\CURLRequest.php on line 691.
 1 SYSTEMPATH\HTTP\CURLRequest.php(691): CodeIgniter\HTTP\Exceptions\HTTPException::forCurlError('22', 'The requested URL returned error: 500')
 2 SYSTEMPATH\HTTP\CURLRequest.php(385): CodeIgniter\HTTP\CURLRequest->sendRequest([...])
 3 SYSTEMPATH\HTTP\CURLRequest.php(143): CodeIgniter\HTTP\CURLRequest->send('get', 'http://localhost:5000/api/data-chart?area=2&from=&to=')
 4 APPPATH\Controllers\Home.php(39): CodeIgniter\HTTP\CURLRequest->request('get', 'http://localhost:5000/api/data-chart?area=2&from=&to=', [...])
 5 SYSTEMPATH\CodeIgniter.php(919): App\Controllers\Home->getChart()
 6 SYSTEMPATH\CodeIgniter.php(494): CodeIgniter\CodeIgniter->runController(Object(App\Controllers\Home))
 7 SYSTEMPATH\CodeIgniter.php(353): CodeIgniter\CodeIgniter->handleRequest(null, Object(Config\Cache), false)
 8 FCPATH\index.php(79): CodeIgniter\CodeIgniter->run()
 9 SYSTEMPATH\Commands\Server\rewrite.php(47): require_once('D:\\GEMAR KODE\\Project\\PT Pitjarus\\fontend\\public\\index.php')
