CRITICAL - 2023-10-12 02:26:24 --> Attempt to read property "area_name" on bool
in APPPATH\Controllers\Home.php on line 62.
 1 APPPATH\Controllers\Home.php(62): CodeIgniter\Debug\Exceptions->errorHandler(2, 'Attempt to read property "area_name" on bool', 'D:\\GEMAR KODE\\Project\\PT Pitjarus\\fontend\\app\\Controllers\\Home.php', 62)
 2 SYSTEMPATH\CodeIgniter.php(919): App\Controllers\Home->getList()
 3 SYSTEMPATH\CodeIgniter.php(494): CodeIgniter\CodeIgniter->runController(Object(App\Controllers\Home))
 4 SYSTEMPATH\CodeIgniter.php(353): CodeIgniter\CodeIgniter->handleRequest(null, Object(Config\Cache), false)
 5 FCPATH\index.php(79): CodeIgniter\CodeIgniter->run()
 6 SYSTEMPATH\Commands\Server\rewrite.php(47): require_once('D:\\GEMAR KODE\\Project\\PT Pitjarus\\fontend\\public\\index.php')
CRITICAL - 2023-10-12 02:26:27 --> Attempt to read property "area_name" on bool
in APPPATH\Controllers\Home.php on line 62.
 1 APPPATH\Controllers\Home.php(62): CodeIgniter\Debug\Exceptions->errorHandler(2, 'Attempt to read property "area_name" on bool', 'D:\\GEMAR KODE\\Project\\PT Pitjarus\\fontend\\app\\Controllers\\Home.php', 62)
 2 SYSTEMPATH\CodeIgniter.php(919): App\Controllers\Home->getList()
 3 SYSTEMPATH\CodeIgniter.php(494): CodeIgniter\CodeIgniter->runController(Object(App\Controllers\Home))
 4 SYSTEMPATH\CodeIgniter.php(353): CodeIgniter\CodeIgniter->handleRequest(null, Object(Config\Cache), false)
 5 FCPATH\index.php(79): CodeIgniter\CodeIgniter->run()
 6 SYSTEMPATH\Commands\Server\rewrite.php(47): require_once('D:\\GEMAR KODE\\Project\\PT Pitjarus\\fontend\\public\\index.php')
CRITICAL - 2023-10-12 02:26:30 --> Attempt to read property "area_name" on bool
in APPPATH\Controllers\Home.php on line 62.
 1 APPPATH\Controllers\Home.php(62): CodeIgniter\Debug\Exceptions->errorHandler(2, 'Attempt to read property "area_name" on bool', 'D:\\GEMAR KODE\\Project\\PT Pitjarus\\fontend\\app\\Controllers\\Home.php', 62)
 2 SYSTEMPATH\CodeIgniter.php(919): App\Controllers\Home->getList()
 3 SYSTEMPATH\CodeIgniter.php(494): CodeIgniter\CodeIgniter->runController(Object(App\Controllers\Home))
 4 SYSTEMPATH\CodeIgniter.php(353): CodeIgniter\CodeIgniter->handleRequest(null, Object(Config\Cache), false)
 5 FCPATH\index.php(79): CodeIgniter\CodeIgniter->run()
 6 SYSTEMPATH\Commands\Server\rewrite.php(47): require_once('D:\\GEMAR KODE\\Project\\PT Pitjarus\\fontend\\public\\index.php')
CRITICAL - 2023-10-12 02:26:37 --> Attempt to read property "area_name" on bool
in APPPATH\Controllers\Home.php on line 62.
 1 APPPATH\Controllers\Home.php(62): CodeIgniter\Debug\Exceptions->errorHandler(2, 'Attempt to read property "area_name" on bool', 'D:\\GEMAR KODE\\Project\\PT Pitjarus\\fontend\\app\\Controllers\\Home.php', 62)
 2 SYSTEMPATH\CodeIgniter.php(919): App\Controllers\Home->getList()
 3 SYSTEMPATH\CodeIgniter.php(494): CodeIgniter\CodeIgniter->runController(Object(App\Controllers\Home))
 4 SYSTEMPATH\CodeIgniter.php(353): CodeIgniter\CodeIgniter->handleRequest(null, Object(Config\Cache), false)
 5 FCPATH\index.php(79): CodeIgniter\CodeIgniter->run()
 6 SYSTEMPATH\Commands\Server\rewrite.php(47): require_once('D:\\GEMAR KODE\\Project\\PT Pitjarus\\fontend\\public\\index.php')
CRITICAL - 2023-10-12 02:26:55 --> Attempt to read property "area_name" on bool
in APPPATH\Controllers\Home.php on line 62.
 1 APPPATH\Controllers\Home.php(62): CodeIgniter\Debug\Exceptions->errorHandler(2, 'Attempt to read property "area_name" on bool', 'D:\\GEMAR KODE\\Project\\PT Pitjarus\\fontend\\app\\Controllers\\Home.php', 62)
 2 SYSTEMPATH\CodeIgniter.php(919): App\Controllers\Home->getList()
 3 SYSTEMPATH\CodeIgniter.php(494): CodeIgniter\CodeIgniter->runController(Object(App\Controllers\Home))
 4 SYSTEMPATH\CodeIgniter.php(353): CodeIgniter\CodeIgniter->handleRequest(null, Object(Config\Cache), false)
 5 FCPATH\index.php(79): CodeIgniter\CodeIgniter->run()
 6 SYSTEMPATH\Commands\Server\rewrite.php(47): require_once('D:\\GEMAR KODE\\Project\\PT Pitjarus\\fontend\\public\\index.php')
CRITICAL - 2023-10-12 02:52:34 --> Attempt to read property "area_name" on bool
in APPPATH\Controllers\Home.php on line 62.
 1 APPPATH\Controllers\Home.php(62): CodeIgniter\Debug\Exceptions->errorHandler(2, 'Attempt to read property "area_name" on bool', 'D:\\GEMAR KODE\\Project\\PT Pitjarus\\fontend\\app\\Controllers\\Home.php', 62)
 2 SYSTEMPATH\CodeIgniter.php(919): App\Controllers\Home->getList()
 3 SYSTEMPATH\CodeIgniter.php(494): CodeIgniter\CodeIgniter->runController(Object(App\Controllers\Home))
 4 SYSTEMPATH\CodeIgniter.php(353): CodeIgniter\CodeIgniter->handleRequest(null, Object(Config\Cache), false)
 5 FCPATH\index.php(79): CodeIgniter\CodeIgniter->run()
 6 SYSTEMPATH\Commands\Server\rewrite.php(47): require_once('D:\\GEMAR KODE\\Project\\PT Pitjarus\\fontend\\public\\index.php')
CRITICAL - 2023-10-12 02:54:03 --> Attempt to read property "area_name" on bool
in APPPATH\Controllers\Home.php on line 62.
 1 APPPATH\Controllers\Home.php(62): CodeIgniter\Debug\Exceptions->errorHandler(2, 'Attempt to read property "area_name" on bool', 'D:\\GEMAR KODE\\Project\\PT Pitjarus\\fontend\\app\\Controllers\\Home.php', 62)
 2 SYSTEMPATH\CodeIgniter.php(919): App\Controllers\Home->getList()
 3 SYSTEMPATH\CodeIgniter.php(494): CodeIgniter\CodeIgniter->runController(Object(App\Controllers\Home))
 4 SYSTEMPATH\CodeIgniter.php(353): CodeIgniter\CodeIgniter->handleRequest(null, Object(Config\Cache), false)
 5 FCPATH\index.php(79): CodeIgniter\CodeIgniter->run()
 6 SYSTEMPATH\Commands\Server\rewrite.php(47): require_once('D:\\GEMAR KODE\\Project\\PT Pitjarus\\fontend\\public\\index.php')
CRITICAL - 2023-10-12 02:54:43 --> Trying to access array offset on value of type bool
in APPPATH\Controllers\Home.php on line 62.
 1 APPPATH\Controllers\Home.php(62): CodeIgniter\Debug\Exceptions->errorHandler(2, 'Trying to access array offset on value of type bool', 'D:\\GEMAR KODE\\Project\\PT Pitjarus\\fontend\\app\\Controllers\\Home.php', 62)
 2 SYSTEMPATH\CodeIgniter.php(919): App\Controllers\Home->getList()
 3 SYSTEMPATH\CodeIgniter.php(494): CodeIgniter\CodeIgniter->runController(Object(App\Controllers\Home))
 4 SYSTEMPATH\CodeIgniter.php(353): CodeIgniter\CodeIgniter->handleRequest(null, Object(Config\Cache), false)
 5 FCPATH\index.php(79): CodeIgniter\CodeIgniter->run()
 6 SYSTEMPATH\Commands\Server\rewrite.php(47): require_once('D:\\GEMAR KODE\\Project\\PT Pitjarus\\fontend\\public\\index.php')
CRITICAL - 2023-10-12 02:56:17 --> count(): Argument #1 ($value) must be of type Countable|array, stdClass given
in APPPATH\Controllers\Home.php on line 61.
 1 APPPATH\Controllers\Home.php(61): count(Object(stdClass))
 2 SYSTEMPATH\CodeIgniter.php(919): App\Controllers\Home->getList()
 3 SYSTEMPATH\CodeIgniter.php(494): CodeIgniter\CodeIgniter->runController(Object(App\Controllers\Home))
 4 SYSTEMPATH\CodeIgniter.php(353): CodeIgniter\CodeIgniter->handleRequest(null, Object(Config\Cache), false)
 5 FCPATH\index.php(79): CodeIgniter\CodeIgniter->run()
 6 SYSTEMPATH\Commands\Server\rewrite.php(47): require_once('D:\\GEMAR KODE\\Project\\PT Pitjarus\\fontend\\public\\index.php')
CRITICAL - 2023-10-12 02:56:48 --> Cannot use object of type stdClass as array
in APPPATH\Controllers\Home.php on line 61.
 1 SYSTEMPATH\CodeIgniter.php(919): App\Controllers\Home->getList()
 2 SYSTEMPATH\CodeIgniter.php(494): CodeIgniter\CodeIgniter->runController(Object(App\Controllers\Home))
 3 SYSTEMPATH\CodeIgniter.php(353): CodeIgniter\CodeIgniter->handleRequest(null, Object(Config\Cache), false)
 4 FCPATH\index.php(79): CodeIgniter\CodeIgniter->run()
 5 SYSTEMPATH\Commands\Server\rewrite.php(47): require_once('D:\\GEMAR KODE\\Project\\PT Pitjarus\\fontend\\public\\index.php')
CRITICAL - 2023-10-12 02:57:52 --> Cannot use object of type stdClass as array
in APPPATH\Controllers\Home.php on line 71.
 1 SYSTEMPATH\CodeIgniter.php(919): App\Controllers\Home->getList()
 2 SYSTEMPATH\CodeIgniter.php(494): CodeIgniter\CodeIgniter->runController(Object(App\Controllers\Home))
 3 SYSTEMPATH\CodeIgniter.php(353): CodeIgniter\CodeIgniter->handleRequest(null, Object(Config\Cache), false)
 4 FCPATH\index.php(79): CodeIgniter\CodeIgniter->run()
 5 SYSTEMPATH\Commands\Server\rewrite.php(47): require_once('D:\\GEMAR KODE\\Project\\PT Pitjarus\\fontend\\public\\index.php')
CRITICAL - 2023-10-12 02:58:54 --> Cannot use object of type stdClass as array
in APPPATH\Controllers\Home.php on line 62.
 1 SYSTEMPATH\CodeIgniter.php(919): App\Controllers\Home->getList()
 2 SYSTEMPATH\CodeIgniter.php(494): CodeIgniter\CodeIgniter->runController(Object(App\Controllers\Home))
 3 SYSTEMPATH\CodeIgniter.php(353): CodeIgniter\CodeIgniter->handleRequest(null, Object(Config\Cache), false)
 4 FCPATH\index.php(79): CodeIgniter\CodeIgniter->run()
 5 SYSTEMPATH\Commands\Server\rewrite.php(47): require_once('D:\\GEMAR KODE\\Project\\PT Pitjarus\\fontend\\public\\index.php')
CRITICAL - 2023-10-12 03:13:22 --> Undefined property: stdClass::$product
in APPPATH\Controllers\Home.php on line 71.
 1 APPPATH\Controllers\Home.php(71): CodeIgniter\Debug\Exceptions->errorHandler(2, 'Undefined property: stdClass::$product', 'D:\\GEMAR KODE\\Project\\PT Pitjarus\\fontend\\app\\Controllers\\Home.php', 71)
 2 SYSTEMPATH\CodeIgniter.php(919): App\Controllers\Home->getList()
 3 SYSTEMPATH\CodeIgniter.php(494): CodeIgniter\CodeIgniter->runController(Object(App\Controllers\Home))
 4 SYSTEMPATH\CodeIgniter.php(353): CodeIgniter\CodeIgniter->handleRequest(null, Object(Config\Cache), false)
 5 FCPATH\index.php(79): CodeIgniter\CodeIgniter->run()
 6 SYSTEMPATH\Commands\Server\rewrite.php(47): require_once('D:\\GEMAR KODE\\Project\\PT Pitjarus\\fontend\\public\\index.php')
CRITICAL - 2023-10-12 04:11:01 --> Undefined array key 2
in APPPATH\Controllers\Home.php on line 64.
 1 APPPATH\Controllers\Home.php(64): CodeIgniter\Debug\Exceptions->errorHandler(2, 'Undefined array key 2', 'D:\\GEMAR KODE\\Project\\PT Pitjarus\\fontend\\app\\Controllers\\Home.php', 64)
 2 SYSTEMPATH\CodeIgniter.php(919): App\Controllers\Home->getList()
 3 SYSTEMPATH\CodeIgniter.php(494): CodeIgniter\CodeIgniter->runController(Object(App\Controllers\Home))
 4 SYSTEMPATH\CodeIgniter.php(353): CodeIgniter\CodeIgniter->handleRequest(null, Object(Config\Cache), false)
 5 FCPATH\index.php(79): CodeIgniter\CodeIgniter->run()
 6 SYSTEMPATH\Commands\Server\rewrite.php(47): require_once('D:\\GEMAR KODE\\Project\\PT Pitjarus\\fontend\\public\\index.php')
CRITICAL - 2023-10-12 04:13:55 --> count(): Argument #1 ($value) must be of type Countable|array, null given
in APPPATH\Controllers\Home.php on line 63.
 1 APPPATH\Controllers\Home.php(63): count(null)
 2 SYSTEMPATH\CodeIgniter.php(919): App\Controllers\Home->getList()
 3 SYSTEMPATH\CodeIgniter.php(494): CodeIgniter\CodeIgniter->runController(Object(App\Controllers\Home))
 4 SYSTEMPATH\CodeIgniter.php(353): CodeIgniter\CodeIgniter->handleRequest(null, Object(Config\Cache), false)
 5 FCPATH\index.php(79): CodeIgniter\CodeIgniter->run()
 6 SYSTEMPATH\Commands\Server\rewrite.php(47): require_once('D:\\GEMAR KODE\\Project\\PT Pitjarus\\fontend\\public\\index.php')
CRITICAL - 2023-10-12 04:13:59 --> count(): Argument #1 ($value) must be of type Countable|array, null given
in APPPATH\Controllers\Home.php on line 63.
 1 APPPATH\Controllers\Home.php(63): count(null)
 2 SYSTEMPATH\CodeIgniter.php(919): App\Controllers\Home->getList()
 3 SYSTEMPATH\CodeIgniter.php(494): CodeIgniter\CodeIgniter->runController(Object(App\Controllers\Home))
 4 SYSTEMPATH\CodeIgniter.php(353): CodeIgniter\CodeIgniter->handleRequest(null, Object(Config\Cache), false)
 5 FCPATH\index.php(79): CodeIgniter\CodeIgniter->run()
 6 SYSTEMPATH\Commands\Server\rewrite.php(47): require_once('D:\\GEMAR KODE\\Project\\PT Pitjarus\\fontend\\public\\index.php')
CRITICAL - 2023-10-12 04:16:23 --> count(): Argument #1 ($value) must be of type Countable|array, null given
in APPPATH\Controllers\Home.php on line 63.
 1 APPPATH\Controllers\Home.php(63): count(null)
 2 SYSTEMPATH\CodeIgniter.php(919): App\Controllers\Home->getList()
 3 SYSTEMPATH\CodeIgniter.php(494): CodeIgniter\CodeIgniter->runController(Object(App\Controllers\Home))
 4 SYSTEMPATH\CodeIgniter.php(353): CodeIgniter\CodeIgniter->handleRequest(null, Object(Config\Cache), false)
 5 FCPATH\index.php(79): CodeIgniter\CodeIgniter->run()
 6 SYSTEMPATH\Commands\Server\rewrite.php(47): require_once('D:\\GEMAR KODE\\Project\\PT Pitjarus\\fontend\\public\\index.php')
CRITICAL - 2023-10-12 04:16:35 --> count(): Argument #1 ($value) must be of type Countable|array, null given
in APPPATH\Controllers\Home.php on line 63.
 1 APPPATH\Controllers\Home.php(63): count(null)
 2 SYSTEMPATH\CodeIgniter.php(919): App\Controllers\Home->getList()
 3 SYSTEMPATH\CodeIgniter.php(494): CodeIgniter\CodeIgniter->runController(Object(App\Controllers\Home))
 4 SYSTEMPATH\CodeIgniter.php(353): CodeIgniter\CodeIgniter->handleRequest(null, Object(Config\Cache), false)
 5 FCPATH\index.php(79): CodeIgniter\CodeIgniter->run()
 6 SYSTEMPATH\Commands\Server\rewrite.php(47): require_once('D:\\GEMAR KODE\\Project\\PT Pitjarus\\fontend\\public\\index.php')
CRITICAL - 2023-10-12 04:18:10 --> count(): Argument #1 ($value) must be of type Countable|array, null given
in APPPATH\Controllers\Home.php on line 64.
 1 APPPATH\Controllers\Home.php(64): count(null)
 2 SYSTEMPATH\CodeIgniter.php(919): App\Controllers\Home->getList()
 3 SYSTEMPATH\CodeIgniter.php(494): CodeIgniter\CodeIgniter->runController(Object(App\Controllers\Home))
 4 SYSTEMPATH\CodeIgniter.php(353): CodeIgniter\CodeIgniter->handleRequest(null, Object(Config\Cache), false)
 5 FCPATH\index.php(79): CodeIgniter\CodeIgniter->run()
 6 SYSTEMPATH\Commands\Server\rewrite.php(47): require_once('D:\\GEMAR KODE\\Project\\PT Pitjarus\\fontend\\public\\index.php')
CRITICAL - 2023-10-12 04:54:38 --> count(): Argument #1 ($value) must be of type Countable|array, null given
in APPPATH\Controllers\Home.php on line 66.
 1 APPPATH\Controllers\Home.php(66): count(null)
 2 SYSTEMPATH\CodeIgniter.php(919): App\Controllers\Home->getList()
 3 SYSTEMPATH\CodeIgniter.php(494): CodeIgniter\CodeIgniter->runController(Object(App\Controllers\Home))
 4 SYSTEMPATH\CodeIgniter.php(353): CodeIgniter\CodeIgniter->handleRequest(null, Object(Config\Cache), false)
 5 FCPATH\index.php(79): CodeIgniter\CodeIgniter->run()
 6 SYSTEMPATH\Commands\Server\rewrite.php(47): require_once('D:\\GEMAR KODE\\Project\\PT Pitjarus\\fontend\\public\\index.php')
CRITICAL - 2023-10-12 04:54:48 --> count(): Argument #1 ($value) must be of type Countable|array, null given
in APPPATH\Controllers\Home.php on line 66.
 1 APPPATH\Controllers\Home.php(66): count(null)
 2 SYSTEMPATH\CodeIgniter.php(919): App\Controllers\Home->getList()
 3 SYSTEMPATH\CodeIgniter.php(494): CodeIgniter\CodeIgniter->runController(Object(App\Controllers\Home))
 4 SYSTEMPATH\CodeIgniter.php(353): CodeIgniter\CodeIgniter->handleRequest(null, Object(Config\Cache), false)
 5 FCPATH\index.php(79): CodeIgniter\CodeIgniter->run()
 6 SYSTEMPATH\Commands\Server\rewrite.php(47): require_once('D:\\GEMAR KODE\\Project\\PT Pitjarus\\fontend\\public\\index.php')
CRITICAL - 2023-10-12 04:54:51 --> count(): Argument #1 ($value) must be of type Countable|array, null given
in APPPATH\Controllers\Home.php on line 66.
 1 APPPATH\Controllers\Home.php(66): count(null)
 2 SYSTEMPATH\CodeIgniter.php(919): App\Controllers\Home->getList()
 3 SYSTEMPATH\CodeIgniter.php(494): CodeIgniter\CodeIgniter->runController(Object(App\Controllers\Home))
 4 SYSTEMPATH\CodeIgniter.php(353): CodeIgniter\CodeIgniter->handleRequest(null, Object(Config\Cache), false)
 5 FCPATH\index.php(79): CodeIgniter\CodeIgniter->run()
 6 SYSTEMPATH\Commands\Server\rewrite.php(47): require_once('D:\\GEMAR KODE\\Project\\PT Pitjarus\\fontend\\public\\index.php')
